Ign http://security.ubuntu.com precise-security InRelease
Ign http://vn.archive.ubuntu.com precise InRelease
Ign http://vn.archive.ubuntu.com precise-updates InRelease
Ign http://vn.archive.ubuntu.com precise-backports InRelease
Get:1 http://security.ubuntu.com precise-security Release.gpg [198 B]
Hit http://vn.archive.ubuntu.com precise Release.gpg
Get:2 http://vn.archive.ubuntu.com precise-updates Release.gpg [198 B]
Get:3 http://security.ubuntu.com precise-security Release [49.6 kB]
Hit http://vn.archive.ubuntu.com precise-backports Release.gpg
Hit http://vn.archive.ubuntu.com precise Release
Get:4 http://vn.archive.ubuntu.com precise-updates Release [49.6 kB]
Ign http://extras.ubuntu.com precise InRelease
Hit http://vn.archive.ubuntu.com precise-backports Release
Get:5 http://extras.ubuntu.com precise Release.gpg [72 B]
Get:6 http://security.ubuntu.com precise-security/main Sources [88.9 kB]
Hit http://vn.archive.ubuntu.com precise/main Sources
Hit http://vn.archive.ubuntu.com precise/restricted Sources
Hit http://vn.archive.ubuntu.com precise/universe Sources
Hit http://vn.archive.ubuntu.com precise/multiverse Sources
Hit http://vn.archive.ubuntu.com precise/main amd64 Packages
Hit http://vn.archive.ubuntu.com precise/restricted amd64 Packages
Hit http://vn.archive.ubuntu.com precise/universe amd64 Packages
Hit http://extras.ubuntu.com precise Release
Hit http://vn.archive.ubuntu.com precise/multiverse amd64 Packages
Hit http://vn.archive.ubuntu.com precise/main i386 Packages
Hit http://vn.archive.ubuntu.com precise/restricted i386 Packages
Hit http://vn.archive.ubuntu.com precise/universe i386 Packages
Hit http://vn.archive.ubuntu.com precise/multiverse i386 Packages
Hit http://vn.archive.ubuntu.com precise/main TranslationIndex
Hit http://vn.archive.ubuntu.com precise/multiverse TranslationIndex
Hit http://vn.archive.ubuntu.com precise/restricted TranslationIndex
Hit http://extras.ubuntu.com precise/main Sources
Hit http://vn.archive.ubuntu.com precise/universe TranslationIndex
Get:7 http://vn.archive.ubuntu.com precise-updates/main Sources [419 kB]
Hit http://extras.ubuntu.com precise/main amd64 Packages
Hit http://extras.ubuntu.com precise/main i386 Packages
Ign http://extras.ubuntu.com precise/main TranslationIndex
Get:8 http://security.ubuntu.com precise-security/restricted Sources [2,494 B]
Get:9 http://security.ubuntu.com precise-security/universe Sources [28.1 kB]
Get:10 http://security.ubuntu.com precise-security/multiverse Sources [1,804 B]
Get:11 http://security.ubuntu.com precise-security/main amd64 Packages [322 kB]
Get:12 http://vn.archive.ubuntu.com precise-updates/restricted Sources [7,006 B]
Get:13 http://vn.archive.ubuntu.com precise-updates/universe Sources [96.2 kB]
Get:14 http://vn.archive.ubuntu.com precise-updates/multiverse Sources [8,343 B]
Get:15 http://vn.archive.ubuntu.com precise-updates/main amd64 Packages [693 kB]
Get:16 http://vn.archive.ubuntu.com precise-updates/restricted amd64 Packages [11.5 kB]
Get:17 http://vn.archive.ubuntu.com precise-updates/universe amd64 Packages [216 kB]
Ign http://extras.ubuntu.com precise/main Translation-en_US
Get:18 http://vn.archive.ubuntu.com precise-updates/multiverse amd64 Packages [13.9 kB]
Get:19 http://vn.archive.ubuntu.com precise-updates/main i386 Packages [713 kB]
Ign http://extras.ubuntu.com precise/main Translation-en
Get:20 http://vn.archive.ubuntu.com precise-updates/restricted i386 Packages [11.4 kB]
Get:21 http://vn.archive.ubuntu.com precise-updates/universe i386 Packages [221 kB]
Get:22 http://vn.archive.ubuntu.com precise-updates/multiverse i386 Packages [14.0 kB]
Hit http://vn.archive.ubuntu.com precise-updates/main TranslationIndex
Hit http://vn.archive.ubuntu.com precise-updates/multiverse TranslationIndex
Hit http://vn.archive.ubuntu.com precise-updates/restricted TranslationIndex
Hit http://vn.archive.ubuntu.com precise-updates/universe TranslationIndex
Hit http://vn.archive.ubuntu.com precise-backports/main Sources
Hit http://vn.archive.ubuntu.com precise-backports/restricted Sources
Hit http://vn.archive.ubuntu.com precise-backports/universe Sources
Hit http://vn.archive.ubuntu.com precise-backports/multiverse Sources
Hit http://vn.archive.ubuntu.com precise-backports/main amd64 Packages
Hit http://vn.archive.ubuntu.com precise-backports/restricted amd64 Packages
Hit http://vn.archive.ubuntu.com precise-backports/universe amd64 Packages
Hit http://vn.archive.ubuntu.com precise-backports/multiverse amd64 Packages
Hit http://vn.archive.ubuntu.com precise-backports/main i386 Packages
Hit http://vn.archive.ubuntu.com precise-backports/restricted i386 Packages
Hit http://vn.archive.ubuntu.com precise-backports/universe i386 Packages
Hit http://vn.archive.ubuntu.com precise-backports/multiverse i386 Packages
Hit http://vn.archive.ubuntu.com precise-backports/main TranslationIndex
Hit http://vn.archive.ubuntu.com precise-backports/multiverse TranslationIndex
Hit http://vn.archive.ubuntu.com precise-backports/restricted TranslationIndex
Hit http://vn.archive.ubuntu.com precise-backports/universe TranslationIndex
Hit http://vn.archive.ubuntu.com precise/main Translation-en
Hit http://vn.archive.ubuntu.com precise/multiverse Translation-en
Hit http://vn.archive.ubuntu.com precise/restricted Translation-en
Hit http://vn.archive.ubuntu.com precise/universe Translation-en
Hit http://vn.archive.ubuntu.com precise-updates/main Translation-en
Get:23 http://security.ubuntu.com precise-security/restricted amd64 Packages [4,627 B]
Get:24 http://security.ubuntu.com precise-security/universe amd64 Packages [82.5 kB]
Hit http://vn.archive.ubuntu.com precise-updates/multiverse Translation-en
Hit http://vn.archive.ubuntu.com precise-updates/restricted Translation-en
Hit http://vn.archive.ubuntu.com precise-updates/universe Translation-en
Get:25 http://security.ubuntu.com precise-security/multiverse amd64 Packages [2,449 B]
Get:26 http://security.ubuntu.com precise-security/main i386 Packages [342 kB]
Hit http://vn.archive.ubuntu.com precise-backports/main Translation-en
Hit http://vn.archive.ubuntu.com precise-backports/multiverse Translation-en
Hit http://vn.archive.ubuntu.com precise-backports/restricted Translation-en
Hit http://vn.archive.ubuntu.com precise-backports/universe Translation-en
Ign http://vn.archive.ubuntu.com precise InRelease
Ign http://vn.archive.ubuntu.com precise-updates InRelease
Ign http://vn.archive.ubuntu.com precise-backports InRelease
Ign http://security.ubuntu.com precise-security InRelease
Ign http://extras.ubuntu.com precise InRelease
Hit http://vn.archive.ubuntu.com precise Release.gpg
Hit http://vn.archive.ubuntu.com precise-updates Release.gpg
Hit http://security.ubuntu.com precise-security Release.gpg
Hit http://extras.ubuntu.com precise Release.gpg
Hit http://vn.archive.ubuntu.com precise-backports Release.gpg
Hit http://vn.archive.ubuntu.com precise Release
Hit http://security.ubuntu.com precise-security Release
Hit http://vn.archive.ubuntu.com precise-updates Release
Hit http://vn.archive.ubuntu.com precise-backports Release
Hit http://vn.archive.ubuntu.com precise/main Sources
Hit http://vn.archive.ubuntu.com precise/restricted Sources
Hit http://vn.archive.ubuntu.com precise/universe Sources
Hit http://vn.archive.ubuntu.com precise/multiverse Sources
Hit http://vn.archive.ubuntu.com precise/main amd64 Packages
Hit http://vn.archive.ubuntu.com precise/restricted amd64 Packages
Hit http://vn.archive.ubuntu.com precise/universe amd64 Packages
Hit http://security.ubuntu.com precise-security/main Sources
Hit http://extras.ubuntu.com precise Release
Hit http://vn.archive.ubuntu.com precise/multiverse amd64 Packages
Hit http://vn.archive.ubuntu.com precise/main i386 Packages
Hit http://vn.archive.ubuntu.com precise/restricted i386 Packages
Hit http://vn.archive.ubuntu.com precise/universe i386 Packages
Hit http://vn.archive.ubuntu.com precise/multiverse i386 Packages
Hit http://vn.archive.ubuntu.com precise/main TranslationIndex
Hit http://vn.archive.ubuntu.com precise/multiverse TranslationIndex
Hit http://vn.archive.ubuntu.com precise/restricted TranslationIndex
Hit http://security.ubuntu.com precise-security/restricted Sources
Hit http://security.ubuntu.com precise-security/universe Sources
Hit http://security.ubuntu.com precise-security/multiverse Sources
Hit http://security.ubuntu.com precise-security/main amd64 Packages
Hit http://security.ubuntu.com precise-security/restricted amd64 Packages
Hit http://security.ubuntu.com precise-security/universe amd64 Packages
Hit http://security.ubuntu.com precise-security/multiverse amd64 Packages
Get:1 http://security.ubuntu.com precise-security/main i386 Packages [342 kB]
Hit http://extras.ubuntu.com precise/main Sources
Hit http://vn.archive.ubuntu.com precise/universe TranslationIndex
Hit http://vn.archive.ubuntu.com precise-updates/main Sources
Hit http://vn.archive.ubuntu.com precise-updates/restricted Sources
Hit http://vn.archive.ubuntu.com precise-updates/universe Sources
Hit http://vn.archive.ubuntu.com precise-updates/multiverse Sources
Hit http://vn.archive.ubuntu.com precise-updates/main amd64 Packages
Hit http://vn.archive.ubuntu.com precise-updates/restricted amd64 Packages
Hit http://extras.ubuntu.com precise/main amd64 Packages
Hit http://extras.ubuntu.com precise/main i386 Packages
Ign http://extras.ubuntu.com precise/main TranslationIndex
Hit http://vn.archive.ubuntu.com precise-updates/universe amd64 Packages
Hit http://vn.archive.ubuntu.com precise-updates/multiverse amd64 Packages
Hit http://vn.archive.ubuntu.com precise-updates/main i386 Packages
Hit http://vn.archive.ubuntu.com precise-updates/restricted i386 Packages
Hit http://vn.archive.ubuntu.com precise-updates/universe i386 Packages
Hit http://vn.archive.ubuntu.com precise-updates/multiverse i386 Packages
Hit http://vn.archive.ubuntu.com precise-updates/main TranslationIndex
Hit http://vn.archive.ubuntu.com precise-updates/multiverse TranslationIndex
Hit http://vn.archive.ubuntu.com precise-updates/restricted TranslationIndex
Hit http://vn.archive.ubuntu.com precise-updates/universe TranslationIndex
Hit http://vn.archive.ubuntu.com precise-backports/main Sources
Hit http://vn.archive.ubuntu.com precise-backports/restricted Sources
Hit http://vn.archive.ubuntu.com precise-backports/universe Sources
Hit http://vn.archive.ubuntu.com precise-backports/multiverse Sources
Hit http://vn.archive.ubuntu.com precise-backports/main amd64 Packages
Hit http://vn.archive.ubuntu.com precise-backports/restricted amd64 Packages
Hit http://vn.archive.ubuntu.com precise-backports/universe amd64 Packages
Hit http://vn.archive.ubuntu.com precise-backports/multiverse amd64 Packages
Hit http://vn.archive.ubuntu.com precise-backports/main i386 Packages
Hit http://vn.archive.ubuntu.com precise-backports/restricted i386 Packages
Hit http://vn.archive.ubuntu.com precise-backports/universe i386 Packages
Hit http://vn.archive.ubuntu.com precise-backports/multiverse i386 Packages
Hit http://vn.archive.ubuntu.com precise-backports/main TranslationIndex
Hit http://vn.archive.ubuntu.com precise-backports/multiverse TranslationIndex
Hit http://vn.archive.ubuntu.com precise-backports/restricted TranslationIndex
Hit http://vn.archive.ubuntu.com precise-backports/universe TranslationIndex
Hit http://vn.archive.ubuntu.com precise/main Translation-en
Hit http://vn.archive.ubuntu.com precise/multiverse Translation-en
Hit http://vn.archive.ubuntu.com precise/restricted Translation-en
Hit http://vn.archive.ubuntu.com precise/universe Translation-en
Hit http://vn.archive.ubuntu.com precise-updates/main Translation-en
Hit http://vn.archive.ubuntu.com precise-updates/multiverse Translation-en
Hit http://vn.archive.ubuntu.com precise-updates/restricted Translation-en
Hit http://vn.archive.ubuntu.com precise-updates/universe Translation-en
Hit http://vn.archive.ubuntu.com precise-backports/main Translation-en
Hit http://vn.archive.ubuntu.com precise-backports/multiverse Translation-en
Hit http://vn.archive.ubuntu.com precise-backports/restricted Translation-en
Hit http://vn.archive.ubuntu.com precise-backports/universe Translation-en
Ign http://extras.ubuntu.com precise/main Translation-en_US
Ign http://extras.ubuntu.com precise/main Translation-en
Get:2 http://security.ubuntu.com precise-security/restricted i386 Packages [4,620 B]
Get:3 http://security.ubuntu.com precise-security/universe i386 Packages [85.9 kB]
Get:4 http://security.ubuntu.com precise-security/multiverse i386 Packages [2,640 B]
Hit http://security.ubuntu.com precise-security/main TranslationIndex
Hit http://security.ubuntu.com precise-security/multiverse TranslationIndex
Hit http://security.ubuntu.com precise-security/restricted TranslationIndex
Hit http://security.ubuntu.com precise-security/universe TranslationIndex
Hit http://security.ubuntu.com precise-security/main Translation-en
Hit http://security.ubuntu.com precise-security/multiverse Translation-en
Hit http://security.ubuntu.com precise-security/restricted Translation-en
Hit http://security.ubuntu.com precise-security/universe Translation-en
Fetched 370 kB in 10s (35.7 kB/s)
Reading package lists...
Reading package lists...
Building dependency tree...
Reading state information...
git is already the newest version.
0 upgraded, 0 newly installed, 0 to remove and 472 not upgraded.
Reading package lists...
Building dependency tree...
Reading state information...
curl is already the newest version.
0 upgraded, 0 newly installed, 0 to remove and 472 not upgraded.
Downloading RVM from wayneeseguin branch stable

Upgrading the RVM installation in /home/chuanhtuan/.rvm/
    RVM PATH line found in /home/chuanhtuan/.bashrc /home/chuanhtuan/.zshrc.
    RVM sourcing line found in /home/chuanhtuan/.bash_profile /home/chuanhtuan/.zlogin.
Upgrade of RVM in /home/chuanhtuan/.rvm/ is complete.

# chuanhtuan,
#
#   Thank you for using RVM!
#   I sincerely hope that RVM helps to make your life easier and more enjoyable!!!
#
# ~Wayne

#      run and read: rvm notes
#         read docs: http://rvm.io/
#        talk to us: http://webchat.freenode.net/?channels=rvm (http://freenode.net/faq.shtml#plusr)
#   read cheatsheet: http://cheat.errtheblog.com/s/rvm
#  watch screencast: http://screencasts.org/episodes/how-to-use-rvm
# open a bug report: https://github.com/wayneeseguin/rvm/issues

Upgrade Notes:

Using /home/chuanhtuan/.rvm/gems/ruby-1.9.3-p448
Successfully installed rails-4.0.0
1 gem installed
Installing ri documentation for rails-4.0.0...
Installing RDoc documentation for rails-4.0.0...
